CCP_LFO_001_001
CCP_LFO_002_001
CCP_LFO_003_001
CCP_LFO_004_001
CCP_LFO_006_001
CCP_LFO_007_001
CCP_LFO_008_001
CCP_LFO_009_001
CCP_LFO_010_001
CCP_LFO_011_001
CCP_XRY_001_001
CCP_XRY_004_001
CCP_XRY_005_001
CCP_XRY_006_001
CCP_XRY_010_001
CCP_XRY_012_001
CCP_XRY_017_001
CCP_XRY_018_001
CCP_XRY_020_001
CCP_XRY_021_001
CCP_XRY_022_001
CCP_XRY_023_001
CCP_XRY_024_001
CCP_XRY_025_001
CCP_XRY_026_001
CCP_XRY_027_001
CCP_XRY_055_001
CCP_XRY_056_001
CCP_XRY_057_001
CCP_XRY_058_001
CCP_XRY_059_001
CCP_XRY_060_001
CCP_XRY_063_001
CCP_XRY_064_001
CCP_XRY_065_001
ESLIM_001_001_002
ESLIM_001_001_004
ESLIM_001_001_007
ESLIM_001_001_009
ESLIM_001_001_011
ESLIM_001_001_041
ESLIM_001_001_049
ESLIM_001_001_085
ESLIM_001_001_087
ESLIM_001_001_089
ESLIM_001_001_092
ESLIM_001_001_094
ESLIM_001_001_117
ESLIM_001_001_130
ESLIM_001_001_132
ESLIM_001_001_151
ESLIM_001_001_160
ESLIM_001_001_175
ESLIM_001_001_178
ESLIM_001_001_179
ESLIM_001_001_180
ESLIM_001_001_181
ESLIM_003_001_011
ESLIM_004_001_701
ESLIM_005_001_002
ESLIM_005_001_003
ESLIM_005_001_004
ESLIM_005_001_005
ESLIM_005_001_006
ESLIM_005_001_701
ESLIM_005_001_702
ESLIM_005_001_703
ESLIM_005_001_704
ESLIM_006_001_003
ESLIM_006_001_004
ESLIM_006_001_005
ESLIM_006_001_008
ESLIM_006_001_012
ESLIM_006_001_013
ESLIM_006_001_014
ESLIM_006_001_017
ESLIM_006_001_019
ESLIM_006_001_020
ESLIM_006_001_021
ESLIM_006_001_022
ESLIM_006_001_023
ESLIM_006_001_024
ESLIM_006_001_026
ESLIM_006_001_027
ESLIM_006_001_028
ESLIM_006_001_029
ESLIM_006_001_030
ESLIM_006_001_035
ESLIM_007_001_003
ESLIM_007_001_005
ESLIM_007_001_006
ESLIM_007_001_007
ESLIM_007_001_008
ESLIM_007_001_009
ESLIM_007_001_010
ESLIM_007_001_011
ESLIM_007_001_012
ESLIM_007_001_013
ESLIM_007_001_014
ESLIM_007_001_015
ESLIM_008_001_001
ESLIM_008_001_002
ESLIM_008_001_003
ESLIM_008_001_004
ESLIM_008_001_007
ESLIM_008_001_008
ESLIM_008_001_009
ESLIM_008_001_012
ESLIM_008_001_013
ESLIM_008_001_014
ESLIM_008_001_016
ESLIM_008_001_017
ESLIM_008_001_018
ESLIM_008_001_022
ESLIM_009_001_701
ESLIM_009_001_702
ESLIM_009_001_703
ESLIM_009_001_704
ESLIM_011_001_001
ESLIM_011_001_002
ESLIM_011_001_003
ESLIM_011_001_004
ESLIM_011_001_005
ESLIM_011_001_006
ESLIM_011_001_007
ESLIM_011_001_008
ESLIM_011_001_009
ESLIM_011_001_010
ESLIM_011_001_701
ESLIM_011_001_702
ESLIM_011_001_703
ESLIM_011_001_704
ESLIM_011_001_705
ESLIM_012_001_001
ESLIM_013_001_001
ESLIM_013_001_003
ESLIM_013_001_004
ESLIM_013_001_005
ESLIM_013_001_007
ESLIM_013_001_008
ESLIM_013_001_009
ESLIM_013_001_011
ESLIM_013_001_013
ESLIM_013_001_014
ESLIM_014_001_001
ESLIM_014_001_004
ESLIM_014_001_005
ESLIM_014_001_006
ESLIM_014_001_007
ESLIM_014_001_008
ESLIM_014_001_009
ESLIM_014_001_010
ESLIM_014_001_011
ESLIM_014_001_012
ESLIM_014_001_013
ESLIM_014_001_014
ESLIM_014_001_015
ESLIM_015_001_001
ESLIM_015_001_002
ESLIM_015_001_003
ESLIM_015_001_004
ESLIM_015_001_005
ESLIM_015_001_006
ESLIM_015_001_007
ESLIM_015_001_008
ESLIM_015_001_009
ESLIM_015_001_010
ESLIM_015_001_011
ESLIM_015_001_012
ESLIM_015_001_013
ESLIM_015_001_014
ESLIM_015_001_015
ESLIM_015_001_016
ESLIM_015_001_017
ESLIM_015_001_018
ESLIM_015_001_019
ESLIM_015_001_020
ESLIM_015_001_021
ESLIM_015_001_022
ESLIM_015_001_023
ESLIM_015_001_024
ESLIM_016_001_001
ESLIM_016_001_002
ESLIM_016_001_003
ESLIM_016_001_004
ESLIM_016_001_005
ESLIM_016_001_006
ESLIM_016_001_007
ESLIM_016_001_008
ESLIM_018_001_001
ESLIM_018_001_002
ESLIM_018_001_003
ESLIM_018_001_004
ESLIM_018_001_005
ESLIM_018_001_006
ESLIM_018_001_007
ESLIM_018_001_008
ESLIM_018_001_009
ESLIM_018_001_010
ESLIM_019_001_001
ESLIM_019_001_003
ESLIM_019_001_004
ESLIM_019_001_006
ESLIM_019_001_007
ESLIM_020_001_002
ESLIM_020_001_003
ESLIM_020_001_004
ESLIM_021_001_001
ESLIM_021_001_002
ESLIM_021_001_003
ESLIM_021_001_004
ESLIM_021_001_005
ESLIM_021_001_006
ESLIM_021_001_007
ESLIM_022_001_001
GMC_902_001_001
GMC_902_001_002
GMC_902_001_003
GMC_905_001_001
GMC_905_001_003
GMC_905_001_004
GMC_905_001_006
GMC_905_001_007
GMC_905_001_008
GMC_905_001_011
GMC_905_001_012
GMC_905_001_013
GMC_906_001_002
GMC_906_001_003
GMC_906_001_005
GMC_906_001_006
GMC_906_001_009
GMC_906_001_015
GMC_906_001_016
GMC_906_001_018
GMC_906_001_021
GMC_906_001_025
GMC_908_001_001
GMC_912_001_018
GMC_914_001_001
GMC_914_001_002
GMC_914_001_004
GMC_914_001_005
GMC_916_001_001
GMC_916_001_006
GMC_916_001_008
GMC_916_001_011
GMC_916_001_013
GMC_916_001_015
GMC_916_001_018
GMC_916_001_021
GMC_916_001_022
GMC_920_001_001
GMC_920_001_004
GMC_920_001_005
GMC_920_001_006
GMC_920_001_007
GMC_920_001_010
GMC_920_001_011
GMC_920_001_012
GMC_920_001_013
GMC_920_001_014
GMC_920_001_015
GMC_920_001_017
GMC_920_001_018
GMC_920_001_019
GMC_920_001_020
GMC_920_001_024
GMC_920_001_025
GMC_920_001_026
GMC_920_001_027
GMC_920_001_030
GMC_920_001_037
GMC_921_001_002
GMC_922_001_002
GMC_923_001_001
GMC_923_001_003
GMC_923_001_007
GMC_923_001_011
GMC_923_001_021
HRWLIP_CSD_008_001
HRWLIP_CSD_013_001
HRWLIP_CSD_023_001
HRWLIP_CSD_024_001
HRWLIP_CSD_030_001
HRWLIP_CSD_032_001
HRWLIP_CSD_033_001
HRWLIP_CSD_036_001
HRWLIP_CSD_038_001
HRWLIP_CSD_070_001
HRWLIP_CSD_077_001
HRWLLA_CBC_003_001
HRWLLA_CBC_004_001
HRWLLA_CBC_006_001
HRWLLA_CBC_007_001
HRWLLA_CBC_011_001
HRWLLA_CBC_014_001
HRWLLA_CBC_015_001
HRWLLA_CBC_016_001
HRWLLA_CBC_020_001
HRWLLA_CBC_023_001
HRWLLA_CSD_008_001
HRWLLA_CSD_009_001
HRWLLA_CSD_023_001
HRWLLA_CSD_026_001
HRWLLA_CSD_028_001
HRWLLA_CSD_029_001
HRWLLA_CSD_030_001
HRWLLA_CSD_032_001
HRWLLA_CSD_033_001
HRWLLA_CSD_036_001
HRWLLA_CSD_038_001
HRWLLA_DXA_002_001
HRWLLA_DXA_004_001
HRWLLA_DXA_005_001
HRWLLA_ECH_018_001
HRWLLA_EYE_008_001
HRWLLA_EYE_009_001
HRWLLA_EYE_018_001
HRWLLA_EYE_023_001
HRWLLA_EYE_024_001
HRWLLA_EYE_025_001
HRWLLA_EYE_026_001
HRWLLA_EYE_027_001
HRWLLA_HEM_001_001
HRWLLA_HEM_004_001
HRWLLA_HEM_005_001
HRWLLA_HEM_008_001
HRWLLA_HEM_019_001
HRWLLA_HEM_027_001
HRWLLA_HEM_029_001
HRWLLA_HEM_030_001
HRWLLA_HEM_031_001
HRWLLA_HEM_032_001
HRWLLA_HEM_033_001
HRWLLA_HEM_034_001
HRWLLA_HEM_035_001
HRWLLA_HEM_036_001
HRWLLA_HEM_039_001
HRWLLA_HEM_040_001
HRWLLA_HWT_008_001
HRWLLA_OFD_007_001
HRWLLA_OFD_009_001
HRWLLA_OFD_010_001
HRWLLA_OFD_011_001
HRWLLA_OFD_013_001
HRWLLA_OFD_014_001
HRWLLA_OFD_017_001
HRWLLA_OFD_019_001
HRWLLA_OFD_020_001
HRWLLA_OWT_001_001
HRWLLA_PAT_002_002
HRWLLA_PAT_006_002
HRWLLA_PAT_016_002
HRWLLA_PAT_017_002
HRWLLA_PAT_024_002
HRWLLA_PAT_027_002
HRWLLA_XRY_033_001
HRWLLA_XRY_055_001
HRWL_OWT_001_001
HRWL_OWT_002_001
HRWL_OWT_003_001
ICSLA_DXA_002_001
ICS_ROT_002_001
IMPC_ABR_002_001
IMPC_ABR_004_001
IMPC_ABR_006_001
IMPC_ABR_008_001
IMPC_ABR_010_001
IMPC_ABR_012_001
IMPC_ACS_006_001
IMPC_ACS_033_001
IMPC_ACS_034_001
IMPC_ACS_035_001
IMPC_ACS_036_001
IMPC_ACS_037_001
IMPC_CAL_008_001
IMPC_CAL_017_001
IMPC_CAL_021_001
IMPC_CBC_001_001
IMPC_CBC_002_001
IMPC_CBC_003_001
IMPC_CBC_004_001
IMPC_CBC_005_001
IMPC_CBC_006_001
IMPC_CBC_007_001
IMPC_CBC_008_001
IMPC_CBC_009_001
IMPC_CBC_010_001
IMPC_CBC_011_001
IMPC_CBC_012_001
IMPC_CBC_013_001
IMPC_CBC_014_001
IMPC_CBC_015_001
IMPC_CBC_016_001
IMPC_CBC_017_001
IMPC_CBC_018_001
IMPC_CBC_020_001
IMPC_CBC_021_001
IMPC_CBC_023_001
IMPC_CBC_024_001
IMPC_CBC_025_001
IMPC_CBC_026_001
IMPC_CBC_027_001
IMPC_CBC_028_001
IMPC_CBC_052_001
IMPC_CBC_053_001
IMPC_CBC_054_001
IMPC_CSD_002_001
IMPC_CSD_003_001
IMPC_CSD_004_001
IMPC_CSD_005_001
IMPC_CSD_006_001
IMPC_CSD_007_001
IMPC_CSD_008_001
IMPC_CSD_009_001
IMPC_CSD_010_001
IMPC_CSD_011_001
IMPC_CSD_012_001
IMPC_CSD_013_001
IMPC_CSD_014_001
IMPC_CSD_015_001
IMPC_CSD_016_001
IMPC_CSD_017_001
IMPC_CSD_019_001
IMPC_CSD_020_001
IMPC_CSD_021_001
IMPC_CSD_022_001
IMPC_CSD_023_001
IMPC_CSD_024_001
IMPC_CSD_025_001
IMPC_CSD_026_001
IMPC_CSD_027_001
IMPC_CSD_028_001
IMPC_CSD_029_001
IMPC_CSD_030_001
IMPC_CSD_032_001
IMPC_CSD_033_001
IMPC_CSD_036_001
IMPC_CSD_037_001
IMPC_CSD_038_001
IMPC_CSD_039_001
IMPC_CSD_040_002
IMPC_CSD_042_002
IMPC_CSD_043_002
IMPC_CSD_044_002
IMPC_CSD_045_001
IMPC_CSD_045_002
IMPC_CSD_046_001
IMPC_CSD_047_001
IMPC_CSD_048_002
IMPC_CSD_049_001
IMPC_CSD_049_002
IMPC_CSD_050_002
IMPC_CSD_051_001
IMPC_CSD_051_002
IMPC_CSD_052_002
IMPC_CSD_053_002
IMPC_CSD_056_001
IMPC_CSD_058_001
IMPC_CSD_059_001
IMPC_CSD_060_001
IMPC_CSD_061_001
IMPC_CSD_062_001
IMPC_CSD_066_001
IMPC_CSD_068_001
IMPC_CSD_069_001
IMPC_CSD_070_001
IMPC_CSD_071_001
IMPC_CSD_072_001
IMPC_CSD_073_001
IMPC_CSD_074_001
IMPC_CSD_076_001
IMPC_CSD_077_001
IMPC_CSD_078_001
IMPC_CSD_079_001
IMPC_CSD_080_001
IMPC_DXA_002_001
IMPC_DXA_003_001
IMPC_DXA_004_001
IMPC_DXA_005_001
IMPC_DXA_006_001
IMPC_DXA_007_001
IMPC_DXA_008_001
IMPC_DXA_009_001
IMPC_DXA_010_001
IMPC_ECG_002_001
IMPC_ECG_003_001
IMPC_ECG_004_001
IMPC_ECG_005_001
IMPC_ECG_006_001
IMPC_ECG_007_001
IMPC_ECG_008_001
IMPC_ECG_009_001
IMPC_ECG_009_002
IMPC_ECG_010_001
IMPC_ECG_011_001
IMPC_ECG_014_001
IMPC_ECH_001_001
IMPC_ECH_002_001
IMPC_ECH_003_001
IMPC_ECH_004_001
IMPC_ECH_005_001
IMPC_ECH_006_001
IMPC_ECH_007_001
IMPC_ECH_008_001
IMPC_ECH_009_001
IMPC_ECH_010_001
IMPC_ECH_011_001
IMPC_ECH_012_001
IMPC_ECH_013_001
IMPC_ECH_014_001
IMPC_ECH_016_001
IMPC_ECH_018_001
IMPC_EVL_001_001
IMPC_EVM_001_001
IMPC_EVO_001_001
IMPC_EVP_001_001
IMPC_EYE_001_001
IMPC_EYE_004_001
IMPC_EYE_005_001
IMPC_EYE_006_001
IMPC_EYE_007_001
IMPC_EYE_008_001
IMPC_EYE_009_001
IMPC_EYE_010_001
IMPC_EYE_011_001
IMPC_EYE_012_001
IMPC_EYE_013_001
IMPC_EYE_014_001
IMPC_EYE_015_001
IMPC_EYE_016_001
IMPC_EYE_017_001
IMPC_EYE_018_001
IMPC_EYE_019_001
IMPC_EYE_023_001
IMPC_EYE_024_001
IMPC_EYE_025_001
IMPC_EYE_026_001
IMPC_EYE_027_001
IMPC_EYE_054_001
IMPC_EYE_055_001
IMPC_EYE_056_001
IMPC_EYE_057_001
IMPC_EYE_058_001
IMPC_EYE_059_001
IMPC_EYE_060_001
IMPC_EYE_061_001
IMPC_EYE_062_001
IMPC_EYE_063_001
IMPC_EYE_064_001
IMPC_EYE_065_001
IMPC_EYE_067_001
IMPC_EYE_068_001
IMPC_EYE_069_001
IMPC_EYE_070_001
IMPC_EYE_071_001
IMPC_EYE_080_001
IMPC_EYE_081_001
IMPC_EYE_082_001
IMPC_EYE_083_001
IMPC_EYE_084_001
IMPC_EYE_085_001
IMPC_EYE_087_001
IMPC_EYE_088_001
IMPC_FEA_003_001
IMPC_FEA_015_001
IMPC_FER_001_001
IMPC_FER_019_001
IMPC_GEL_006_001
IMPC_GEL_011_001
IMPC_GEL_014_001
IMPC_GEL_015_001
IMPC_GEL_017_002
IMPC_GEL_018_001
IMPC_GEL_019_001
IMPC_GEL_024_001
IMPC_GEL_027_001
IMPC_GEL_028_001
IMPC_GEL_029_001
IMPC_GEL_030_001
IMPC_GEL_032_001
IMPC_GEL_033_001
IMPC_GEL_036_002
IMPC_GEL_037_002
IMPC_GEL_038_001
IMPC_GEL_042_001
IMPC_GEL_055_001
IMPC_GEL_056_001
IMPC_GEL_057_001
IMPC_GEL_058_001
IMPC_GEL_059_001
IMPC_GEL_060_001
IMPC_GEL_061_001
IMPC_GEL_063_001
IMPC_GEL_064_001
IMPC_GEL_065_001
IMPC_GEL_066_001
IMPC_GEM_007_001
IMPC_GEM_016_002
IMPC_GEM_017_001
IMPC_GEM_019_001
IMPC_GEM_021_001
IMPC_GEM_025_002
IMPC_GEM_026_002
IMPC_GEM_027_001
IMPC_GEM_028_001
IMPC_GEM_029_001
IMPC_GEM_032_001
IMPC_GEM_033_002
IMPC_GEM_036_001
IMPC_GEM_041_001
IMPC_GEM_043_002
IMPC_GEM_044_002
IMPC_GEM_047_001
IMPC_GEM_060_001
IMPC_GEM_061_001
IMPC_GEM_062_001
IMPC_GEM_063_001
IMPC_GEM_064_001
IMPC_GEM_066_001
IMPC_GEM_068_001
IMPC_GEM_069_001
IMPC_GEM_070_001
IMPC_GEM_072_001
IMPC_GEM_073_001
IMPC_GEM_075_001
IMPC_GEM_076_001
IMPC_GEM_077_001
IMPC_GEM_078_001
IMPC_GEO_008_001
IMPC_GEO_009_002
IMPC_GEO_011_001
IMPC_GEO_015_001
IMPC_GEO_016_001
IMPC_GEO_017_002
IMPC_GEO_018_002
IMPC_GEO_019_001
IMPC_GEO_022_001
IMPC_GEO_029_001
IMPC_GEO_030_001
IMPC_GEO_033_001
IMPC_GEO_034_002
IMPC_GEO_037_001
IMPC_GEO_038_002
IMPC_GEO_041_002
IMPC_GEO_043_002
IMPC_GEO_047_002
IMPC_GEO_048_002
IMPC_GEO_063_001
IMPC_GEO_064_001
IMPC_GEO_065_001
IMPC_GEO_066_001
IMPC_GEO_067_001
IMPC_GEO_069_001
IMPC_GEO_070_001
IMPC_GEO_071_001
IMPC_GEO_072_001
IMPC_GEP_011_002
IMPC_GEP_015_001
IMPC_GEP_016_001
IMPC_GEP_017_001
IMPC_GEP_018_002
IMPC_GEP_022_001
IMPC_GEP_024_001
IMPC_GEP_026_001
IMPC_GEP_029_002
IMPC_GEP_030_002
IMPC_GEP_034_001
IMPC_GEP_035_001
IMPC_GEP_036_001
IMPC_GEP_038_001
IMPC_GEP_039_002
IMPC_GEP_047_002
IMPC_GEP_049_002
IMPC_GEP_052_001
IMPC_GEP_059_002
IMPC_GEP_060_002
IMPC_GEP_061_002
IMPC_GEP_075_001
IMPC_GEP_076_001
IMPC_GEP_078_001
IMPC_GEP_079_001
IMPC_GEP_082_001
IMPC_GEP_083_001
IMPC_GEP_084_001
IMPC_GEP_086_001
IMPC_GPL_004_001
IMPC_GPM_001_001
IMPC_GPM_002_001
IMPC_GPM_003_001
IMPC_GPM_004_001
IMPC_GPM_005_001
IMPC_GPO_002_001
IMPC_GPO_003_001
IMPC_GPO_004_001
IMPC_GPP_004_001
IMPC_GRS_008_001
IMPC_GRS_009_001
IMPC_GRS_010_001
IMPC_GRS_011_001
IMPC_HEM_001_001
IMPC_HEM_002_001
IMPC_HEM_003_001
IMPC_HEM_004_001
IMPC_HEM_005_001
IMPC_HEM_006_001
IMPC_HEM_007_001
IMPC_HEM_008_001
IMPC_HEM_019_001
IMPC_HEM_027_001
IMPC_HEM_029_001
IMPC_HEM_030_001
IMPC_HEM_031_001
IMPC_HEM_032_001
IMPC_HEM_033_001
IMPC_HEM_034_001
IMPC_HEM_035_001
IMPC_HEM_036_001
IMPC_HEM_037_001
IMPC_HEM_038_001
IMPC_HEM_039_001
IMPC_HEM_040_001
IMPC_HIS_001_001
IMPC_HIS_003_001
IMPC_HIS_007_001
IMPC_HIS_009_001
IMPC_HIS_019_001
IMPC_HIS_021_001
IMPC_HIS_027_001
IMPC_HIS_031_001
IMPC_HIS_033_001
IMPC_HIS_039_001
IMPC_HIS_045_001
IMPC_HIS_049_001
IMPC_HIS_051_001
IMPC_HIS_055_001
IMPC_HIS_057_001
IMPC_HIS_063_001
IMPC_HIS_067_001
IMPC_HIS_069_001
IMPC_HIS_073_001
IMPC_HIS_075_001
IMPC_HIS_079_001
IMPC_HIS_081_001
IMPC_HIS_085_001
IMPC_HIS_087_001
IMPC_HIS_091_001
IMPC_HIS_093_001
IMPC_HIS_097_001
IMPC_HIS_099_001
IMPC_HIS_111_001
IMPC_HIS_115_001
IMPC_HIS_117_001
IMPC_HIS_121_001
IMPC_HIS_123_001
IMPC_HIS_129_001
IMPC_HIS_135_001
IMPC_HIS_141_001
IMPC_HIS_147_001
IMPC_HIS_157_001
IMPC_HIS_159_001
IMPC_HIS_165_001
IMPC_HIS_171_001
IMPC_HIS_211_001
IMPC_HIS_218_001
IMPC_HIS_223_001
IMPC_HIS_225_001
IMPC_HIS_230_001
IMPC_HIS_232_001
IMPC_HIS_246_001
IMPC_HIS_253_001
IMPC_HIS_267_001
IMPC_HIS_274_001
IMPC_HIS_281_001
IMPC_HIS_288_001
IMPC_HWT_002_001
IMPC_HWT_008_001
IMPC_INS_001_001
IMPC_IPG_010_001
IMPC_IPG_011_001
IMPC_IPG_012_001
IMPC_LDT_006_001
IMPC_LDT_007_001
IMPC_LDT_008_001
IMPC_OFD_007_001
IMPC_OFD_009_001
IMPC_OFD_010_001
IMPC_OFD_011_001
IMPC_OFD_012_001
IMPC_OFD_013_001
IMPC_OFD_014_001
IMPC_OFD_015_001
IMPC_OFD_016_001
IMPC_OFD_017_001
IMPC_OFD_018_001
IMPC_OFD_019_001
IMPC_OFD_020_001
IMPC_OFD_021_001
IMPC_OFD_022_001
IMPC_OWT_002_001
IMPC_PAT_001_001
IMPC_PAT_001_002
IMPC_PAT_002_002
IMPC_PAT_003_002
IMPC_PAT_004_002
IMPC_PAT_005_002
IMPC_PAT_006_002
IMPC_PAT_007_002
IMPC_PAT_008_002
IMPC_PAT_009_002
IMPC_PAT_010_001
IMPC_PAT_010_002
IMPC_PAT_011_002
IMPC_PAT_012_002
IMPC_PAT_013_002
IMPC_PAT_014_002
IMPC_PAT_015_001
IMPC_PAT_015_002
IMPC_PAT_016_002
IMPC_PAT_017_002
IMPC_PAT_018_002
IMPC_PAT_019_002
IMPC_PAT_020_002
IMPC_PAT_021_002
IMPC_PAT_023_002
IMPC_PAT_024_002
IMPC_PAT_025_002
IMPC_PAT_026_002
IMPC_PAT_027_001
IMPC_PAT_027_002
IMPC_PAT_028_002
IMPC_PAT_029_002
IMPC_PAT_062_001
IMPC_PAT_063_001
IMPC_PAT_072_001
IMPC_PAT_075_001
IMPC_VIA_001_001
IMPC_VIA_002_001
IMPC_XRY_001_001
IMPC_XRY_002_001
IMPC_XRY_003_001
IMPC_XRY_004_001
IMPC_XRY_005_001
IMPC_XRY_006_001
IMPC_XRY_007_001
IMPC_XRY_010_001
IMPC_XRY_012_001
IMPC_XRY_017_001
IMPC_XRY_018_001
IMPC_XRY_019_001
IMPC_XRY_020_001
IMPC_XRY_021_001
IMPC_XRY_022_001
IMPC_XRY_023_001
IMPC_XRY_024_001
IMPC_XRY_025_001
IMPC_XRY_026_001
IMPC_XRY_027_001
IMPC_XRY_029_001
IMPC_XRY_030_001
IMPC_XRY_031_001
IMPC_XRY_033_001
IMPC_XRY_055_001
IMPC_XRY_056_001
IMPC_XRY_057_001
IMPC_XRY_058_001
IMPC_XRY_059_001
IMPC_XRY_060_001
IMPC_XRY_061_001
IMPC_XRY_063_001
IMPC_XRY_064_001
IMPC_XRY_065_001
IMPC_XRY_066_001
IMPC_XRY_067_001
JAX_ECT_011_001
JAX_HBD_001_001
JAXLA_CBC_004_001
JAXLA_CBC_006_001
JAXLA_CBC_013_001
JAXLA_CBC_014_001
JAXLA_CBC_016_001
JAXLA_CSD_004_001
JAXLA_CSD_005_001
JAXLA_CSD_006_001
JAXLA_CSD_007_001
JAXLA_CSD_008_001
JAXLA_CSD_009_001
JAXLA_CSD_010_001
JAXLA_CSD_011_001
JAXLA_CSD_012_001
JAXLA_CSD_014_001
JAXLA_CSD_015_001
JAXLA_CSD_016_001
JAXLA_CSD_020_001
JAXLA_CSD_021_001
JAXLA_CSD_023_001
JAXLA_CSD_024_001
JAXLA_CSD_029_001
JAXLA_CSD_032_001
JAXLA_CSD_033_001
JAXLA_CSD_036_001
JAXLA_CSD_039_001
JAXLA_CSD_043_001
JAXLA_CSD_062_001
JAXLA_CSD_067_001
JAXLA_CSD_074_001
JAXLA_CSD_077_001
JAXLA_CSD_078_001
JAXLA_DXA_002_001
JAXLA_DXA_003_001
JAXLA_DXA_004_001
JAXLA_DXA_005_001
JAXLA_DXA_006_001
JAXLA_DXA_007_001
JAXLA_DXA_008_001
JAXLA_DXA_009_001
JAXLA_ECG_002_001
JAXLA_ECG_004_001
JAXLA_ECG_014_001
JAXLA_EYE_008_001
JAXLA_EYE_011_001
JAXLA_EYE_012_001
JAXLA_EYE_016_001
JAXLA_EYE_017_001
JAXLA_EYE_018_001
JAXLA_EYE_019_001
JAXLA_EYE_023_001
JAXLA_EYE_024_001
JAXLA_EYE_025_001
JAXLA_EYE_026_001
JAXLA_EYE_027_001
JAXLA_EYE_080_001
JAXLA_EYE_083_001
JAXLA_GRS_008_001
JAXLA_GRS_009_001
JAXLA_GRS_010_001
JAXLA_GRS_011_001
JAXLA_HBD_001_001
JAXLA_HEM_001_001
JAXLA_HEM_002_001
JAXLA_HEM_004_001
JAXLA_HWT_008_001
JAXLA_LDT_001_001
JAXLA_LDT_005_001
JAXLA_LDT_006_001
JAXLA_LDT_007_001
JAXLA_LDT_008_001
JAXLA_LDT_009_001
JAXLA_OFD_007_001
JAXLA_OFD_009_001
JAXLA_OFD_010_001
JAXLA_OFD_012_001
JAXLA_OFD_013_001
JAXLA_OFD_014_001
JAXLA_OFD_016_001
JAXLA_OFD_017_001
JAXLA_OFD_020_001
JAXLA_OFD_022_001
JAX_LDT_001_001
JAX_LDT_002_001
JAX_LDT_003_001
JAX_LDT_004_001
JAX_LDT_005_001
JAX_LDT_006_001
JAX_LDT_007_001
JAX_LDT_008_001
JAX_LDT_009_001
JAX_PLC_001_001
JAX_PLC_002_001
JAX_PLC_003_001
JAX_PLC_004_001
JAX_PLC_005_001
JAX_ROT_002_001
JAX_ROT_003_001
JAX_ROT_004_001
JAX_SLW_002_001
JAX_SLW_003_001
JAX_SLW_004_001
JAX_SLW_005_001
JAX_SLW_006_001
JAX_SLW_007_001
JAX_SLW_008_001
JAX_SLW_009_001
JAX_SLW_010_001
JAX_SLW_011_001
JAX_SLW_012_001
JAX_SLW_013_001
JAX_SLW_014_001
JAX_TLS_001_001
JAX_TLS_002_001
JAX_URI_001_001
JAX_URI_002_001
JAX_URI_004_001
KMPCLA_CBC_025_001
KMPCLA_CSD_005_001
KMPCLA_CSD_008_001
KMPCLA_CSD_056_001
KMPCLA_DXA_002_001
KMPCLA_DXA_008_001
KMPCLA_DXA_009_001
KMPCLA_GRS_010_001
KMPCLA_GRS_011_001
KMPCLA_HWT_008_001
KMPCLA_IPG_010_001
KMPCLA_PAT_010_002
KMPCLA_PAT_027_002
KMPCLA_PAT_028_002
KMPCLA_XRY_020_001
KMPCLA_XRY_055_001
M-G-P_004_001_001
M-G-P_005_001_001
M-G-P_005_001_002
M-G-P_005_001_003
M-G-P_005_001_004
M-G-P_005_001_005
M-G-P_005_001_006
M-G-P_006_001_001
M-G-P_006_001_017
M-G-P_006_001_019
M-G-P_006_001_021
M-G-P_007_001_003
M-G-P_007_001_005
M-G-P_007_001_006
M-G-P_007_001_007
M-G-P_007_001_008
M-G-P_007_001_009
M-G-P_007_001_010
M-G-P_007_001_011
M-G-P_007_001_012
M-G-P_007_001_013
M-G-P_007_001_014
M-G-P_007_001_015
M-G-P_008_001_001
M-G-P_008_001_002
M-G-P_008_001_004
M-G-P_008_001_005
M-G-P_008_001_006
M-G-P_008_001_007
M-G-P_008_001_008
M-G-P_008_001_009
M-G-P_008_001_011
M-G-P_008_001_012
M-G-P_008_001_013
M-G-P_008_001_014
M-G-P_008_001_017
M-G-P_008_001_021
M-G-P_008_001_022
M-G-P_009_001_003
M-G-P_012_001_001
M-G-P_012_001_005
M-G-P_013_001_001
M-G-P_013_001_003
M-G-P_013_001_004
M-G-P_013_001_007
M-G-P_013_001_008
M-G-P_013_001_011
M-G-P_013_001_013
M-G-P_014_001_001
M-G-P_014_001_003
M-G-P_014_001_005
M-G-P_014_001_006
M-G-P_014_001_007
M-G-P_014_001_008
M-G-P_014_001_009
M-G-P_014_001_010
M-G-P_014_001_011
M-G-P_014_001_012
M-G-P_014_001_013
M-G-P_014_001_014
M-G-P_016_001_001
M-G-P_016_001_002
M-G-P_016_001_003
M-G-P_016_001_004
M-G-P_016_001_005
M-G-P_016_001_006
M-G-P_016_001_008
M-G-P_020_001_001
M-G-P_020_001_002
M-G-P_022_001_001
M-G-P_025_001_001
M-G-P_025_001_002
M-G-P_025_001_003
M-G-P_025_001_004
M-G-P_025_001_005
M-G-P_025_001_006
M-G-P_025_001_007
M-G-P_025_001_008
M-G-P_025_001_009
M-G-P_025_001_011
M-G-P_025_001_012
M-G-P_025_001_013
M-G-P_025_001_014
M-G-P_025_001_015
M-G-P_025_001_016
M-G-P_025_001_017
M-G-P_025_001_018
M-G-P_025_001_019
M-G-P_025_001_021
M-G-P_025_001_022
M-G-P_025_001_023
M-G-P_025_001_024
M-G-P_025_001_028
M-G-P_025_001_029
M-G-P_025_001_030
M-G-P_026_001_003
M-G-P_026_001_004
M-G-P_026_001_005
M-G-P_026_001_006
M-G-P_026_001_007
M-G-P_026_001_008
M-G-P_026_001_009
M-G-P_026_001_010
M-G-P_026_001_011
M-G-P_026_001_012
M-G-P_026_001_013
M-G-P_026_001_014
M-G-P_026_001_017
M-G-P_026_001_018
M-G-P_026_001_019
M-G-P_026_001_023
M-G-P_026_001_026
M-G-P_026_001_029
M-G-P_026_001_030
M-G-P_026_001_032
MGP_BCI_001_001
MGP_BCI_002_001
MGP_BCI_003_001
MGP_BCI_004_001
MGP_BCI_005_001
MGP_BCI_006_001
MGP_BCI_007_001
MGP_BCI_008_001
MGP_BCI_009_001
MGP_BCI_010_001
MGP_BCI_011_001
MGP_BCI_012_001
MGP_CSD_002_001
MGP_CSD_003_001
MGP_CSD_004_001
MGP_CSD_005_001
MGP_CSD_007_001
MGP_CSD_008_001
MGP_CSD_011_001
MGP_CSD_012_001
MGP_CSD_015_001
MGP_CSD_018_001
MGP_CSD_020_001
MGP_CSD_021_001
MGP_CSD_022_001
MGP_CSD_023_001
MGP_CSD_024_001
MGP_CSD_025_001
MGP_CSD_026_001
MGP_CSD_027_001
MGP_CSD_028_001
MGP_CSD_030_001
MGP_CSD_033_001
MGP_CSD_036_001
MGP_CSD_037_001
MGP_CSD_038_001
MGP_CSD_043_001
MGP_CSD_058_001
MGP_CSD_061_001
MGP_CSD_064_001
MGP_CSD_066_001
MGP_CSD_067_001
MGP_CSD_068_001
MGP_CSD_069_001
MGP_CSD_070_001
MGP_CSD_074_001
MGP_CSD_075_001
MGP_CSD_079_001
MGP_CSD_082_001
MGP_CSD_093_001
MGP_CSD_094_001
MGP_CSD_104_001
MGP_CSD_106_001
MGP_CSD_108_001
MGP_CSD_109_001
MGP_CSD_110_001
MGP_CSD_115_001
MGP_CSD_116_001
MGP_CSD_120_001
MGP_CSD_121_001
MGP_IPG_010_001
MGP_IPG_011_001
MGP_IPG_012_001
MGP_MLN_003_001
MGP_MLN_004_001
MGP_MLN_005_001
MGP_MLN_006_001
MGP_MLN_007_001
MGP_MLN_008_001
MGP_MLN_009_001
MGP_MLN_010_001
MGP_MLN_011_001
MGP_MLN_012_001
MGP_MLN_013_001
MGP_MLN_014_001
MGP_MLN_015_001
MGP_MLN_016_001
MGP_MLN_018_001
MGP_MLN_019_001
MGP_MLN_021_001
MGP_MLN_022_001
MGP_MLN_024_001
MGP_MLN_025_001
MGP_MLN_031_001
MGP_MLN_032_001
MGP_MLN_033_001
MGP_MLN_034_001
MGP_MLN_035_001
MGP_MLN_042_001
MGP_MLN_043_001
MGP_MLN_046_001
MGP_MLN_058_001
MGP_MLN_063_001
MGP_MLN_064_001
MGP_MLN_065_001
MGP_MLN_066_001
MGP_MLN_067_001
MGP_MLN_068_001
MGP_MLN_070_001
MGP_MLN_071_001
MGP_MLN_072_001
MGP_MLN_073_001
MGP_MLN_074_001
MGP_MLN_075_001
MGP_MLN_076_001
MGP_MLN_077_001
MGP_MLN_078_001
MGP_MLN_079_001
MGP_MLN_080_001
MGP_MLN_081_001
MGP_MLN_084_001
MGP_MLN_085_001
MGP_MLN_086_001
MGP_MLN_088_001
MGP_MLN_091_001
MGP_MLN_092_001
MGP_MLN_093_001
MGP_MLN_095_001
MGP_MLN_100_001
MGP_MLN_101_001
MGP_MLN_102_001
MGP_MLN_104_001
MGP_MLN_111_001
MGP_MLN_112_001
MGP_MLN_113_001
MGP_MLN_114_001
MGP_MLN_115_001
MGP_MTB_002_001
MGP_PBI_001_001
MGP_PBI_002_001
MGP_PBI_003_001
MGP_PBI_004_001
MGP_PBI_005_001
MGP_PBI_006_001
MGP_PBI_007_001
MGP_PBI_008_001
MGP_PBI_009_001
MGP_PBI_010_001
MGP_PBI_011_001
MGP_PBI_012_001
MGP_PBI_013_001
MGP_PBI_014_001
MGP_PBI_015_001
MGP_PBI_016_001
MGP_PBI_017_001
MGP_PBI_018_001
MGP_PBI_019_001
MGP_PBI_020_001
MGP_PBI_021_001
MGP_PBI_022_001
MGP_PBI_023_001
MGP_PBI_024_001
MGP_PBI_025_001
MGP_PBI_026_001
MGP_PBI_027_001
MGP_PBI_028_001
MGP_PBI_029_001
MGP_PBI_030_001
MGP_PBI_031_001
MGP_PBI_032_001
MGP_PBI_033_001
MGP_PBI_034_001
MGP_PBI_035_001
MGP_PBI_036_001
MGP_PBI_037_001
MGP_PBI_038_001
MGP_PBI_039_001
MGP_PBI_040_001
parameter_stable_id
SLM_AGS_001_001
TCP_CHL_043_001
TCPIP_CSD_032_001
TCPIP_GRS_010_001
TCPIP_GRS_011_001
TCPLA_CBC_013_001
TCPLA_CBC_018_001
TCPLA_CSD_012_001
TCPLA_CSD_032_001
TCPLA_DXA_004_001
TCPLA_EYE_007_001
TCPLA_EYE_008_001
TCPLA_EYE_016_001
TCPLA_EYE_017_001
TCPLA_EYE_023_001
TCPLA_EYE_024_001
TCPLA_EYE_025_001
TCPLA_EYE_026_001
TCPLA_EYE_027_001
TCPLA_GRS_011_001
TCPLA_HEM_001_001
TCPLA_HEM_027_001
TCPLA_HEM_034_001
TCPLA_HWT_008_001
TCPLA_PAT_004_002
TCPLA_PAT_006_002
TCPLA_PAT_010_002
TCPLA_PAT_011_002
TCPLA_PAT_015_002
TCPLA_PAT_016_002
TCPLA_PAT_017_002
TCPLA_PAT_018_002
TCPLA_PAT_020_002
TCPLA_PAT_021_002
TCPLA_PAT_023_002
TCPLA_PAT_024_002
TCPLA_PAT_026_002
TCPLA_PAT_027_002
TCPLA_PAT_028_002
TCPLA_PAT_029_002
TCPLA_PAT_063_001
UCD_HBD_001_001
