BCM_CSD_001
BCM_OFD_001
CCP_LFO_001
CCP_XRY_001
ESLIM_001_001
ESLIM_003_001
ESLIM_004_001
ESLIM_005_001
ESLIM_006_001
ESLIM_007_001
ESLIM_008_001
ESLIM_009_001
ESLIM_011_001
ESLIM_012_001
ESLIM_013_001
ESLIM_014_001
ESLIM_015_001
ESLIM_016_001
ESLIM_018_001
ESLIM_019_001
ESLIM_020_001
ESLIM_021_001
ESLIM_022_001
GMC_902_001
GMC_905_001
GMC_906_001
GMC_908_001
GMC_912_001
GMC_914_001
GMC_916_001
GMC_920_001
GMC_921_001
GMC_922_001
GMC_923_001
HRWLIP_CSD_003
HRWLLA_CBC_002
HRWLLA_CSD_003
HRWLLA_DXA_001
HRWLLA_ECH_001
HRWLLA_EYE_001
HRWLLA_HEM_002
HRWLLA_OFD_001
HRWLLA_OWT_001
HRWLLA_PAT_002
HRWLLA_XRY_001
HRWL_OWT_001
ICSLA_DXA_001
ICS_ROT_001
IMPC_ABR_001
IMPC_ABR_002
IMPC_ACS_001
IMPC_ACS_002
IMPC_ACS_003
IMPC_CAL_002
IMPC_CAL_003
IMPC_CBC_001
IMPC_CBC_002
IMPC_CBC_003
IMPC_CSD_001
IMPC_CSD_002
IMPC_CSD_003
IMPC_DXA_001
IMPC_ECG_001
IMPC_ECG_002
IMPC_ECH_001
IMPC_EVL_001
IMPC_EVM_001
IMPC_EVO_001
IMPC_EVP_001
IMPC_EYE_001
IMPC_EYE_002
IMPC_FEA_001
IMPC_FER_001
IMPC_GEL_003
IMPC_GEM_003
IMPC_GEO_003
IMPC_GEP_003
IMPC_GPL_001
IMPC_GPM_001
IMPC_GPO_001
IMPC_GPP_001
IMPC_GRS_001
IMPC_HEM_001
IMPC_HEM_002
IMPC_HIS_001
IMPC_HIS_002
IMPC_HWT_001
IMPC_INS_002
IMPC_INS_003
IMPC_IPG_001
IMPC_LDT_001
IMPC_OFD_001
IMPC_OWT_001
IMPC_PAT_001
IMPC_PAT_002
IMPC_VIA_001
IMPC_XRY_001
JAX_ECT_001
JAX_HBD_001
JAXLA_CBC_003
JAXLA_CSD_001
JAXLA_DXA_001
JAXLA_ECG_001
JAXLA_EYE_001
JAXLA_GRS_001
JAXLA_HBD_001
JAXLA_HEM_002
JAXLA_HWT_001
JAXLA_LDT_001
JAXLA_OFD_001
JAX_LDT_001
JAX_PLC_001
JAX_ROT_001
JAX_SLW_001
JAX_TLS_001
JAX_URI_001
KMPCLA_CBC_003
KMPCLA_CSD_003
KMPCLA_DXA_001
KMPCLA_GRS_001
KMPCLA_HWT_001
KMPCLA_IPG_001
KMPCLA_PAT_002
KMPCLA_XRY_001
M-G-P_004_001
M-G-P_005_001
M-G-P_006_001
M-G-P_007_001
M-G-P_008_001
M-G-P_009_001
M-G-P_012_001
M-G-P_013_001
M-G-P_014_001
M-G-P_016_001
M-G-P_020_001
M-G-P_022_001
M-G-P_025_001
M-G-P_026_001
MGP_BCI_001
MGP_CSD_001
MGP_IPG_001
MGP_MLN_001
MGP_MTB_001
MGP_PBI_001
MGP_XRY_001
procedure_stable_id
SLM_AGS_001
TCP_CHL_003
TCPIP_CSD_003
TCPIP_GRS_001
TCPLA_CBC_003
TCPLA_CSD_003
TCPLA_DXA_001
TCPLA_EYE_002
TCPLA_GRS_001
TCPLA_HEM_002
TCPLA_HWT_001
TCPLA_PAT_002
UCD_HBD_001
